<?xml version="1.0" encoding="UTF-8"?>
<!-- Generated by org.testng.reporters.JUnitXMLReporter -->
<testsuite ignored="0" hostname="Abhisheks-MacBook-Air.local" failures="0" tests="4" name="Login" time="0.023" errors="0" timestamp="2025-02-02T11:01:55 IST">
  <testcase classname="test.SampleTest" name="testCart" time="0.002"/>
  <testcase classname="test.SampleTest" name="testLogin" time="0.0"/>
  <testcase classname="test.SampleTest" name="testPrime" time="0.001"/>
  <testcase classname="test.SampleTest" name="testSearch" time="0.001"/>
</testsuite> <!-- Login -->
