<?xml version="1.0" encoding="UTF-8"?>
<testng-results ignored="0" total="1" passed="1" failed="0" skipped="0">
  <reporter-output>
  </reporter-output>
  <suite started-at="2025-03-08T13:27:42 IST" name="Suite" finished-at="2025-03-08T13:28:04 IST" duration-ms="22084">
    <groups>
    </groups>
    <test started-at="2025-03-08T13:27:42 IST" name="AmazonTest" finished-at="2025-03-08T13:28:04 IST" duration-ms="22084">
      <class name="test.AmazonTest1">
        <test-method is-config="true" signature="setUp()[pri:0, instance:test.AmazonTest1@36328d33]" started-at="2025-03-08T13:27:42 IST" name="setUp" finished-at="2025-03-08T13:28:03 IST" duration-ms="21136" status="PASS">
          <reporter-output>
          </reporter-output>
        </test-method> <!-- setUp -->
        <test-method signature="AmazonTc1()[pri:0, instance:test.AmazonTest1@36328d33]" started-at="2025-03-08T13:28:03 IST" name="AmazonTc1" finished-at="2025-03-08T13:28:03 IST" duration-ms="36" status="PASS">
          <reporter-output>
          </reporter-output>
        </test-method> <!-- AmazonTc1 -->
        <test-method is-config="true" signature="tearDown()[pri:0, instance:test.AmazonTest1@36328d33]" started-at="2025-03-08T13:28:04 IST" name="tearDown" finished-at="2025-03-08T13:28:04 IST" duration-ms="293" status="PASS">
          <reporter-output>
          </reporter-output>
        </test-method> <!-- tearDown -->
      </class> <!-- test.AmazonTest1 -->
    </test> <!-- AmazonTest -->
  </suite> <!-- Suite -->
</testng-results>
